[     696ms] [WARNING] Mixed Content: The page at 'https://mp.weixin.qq.com/s/Afk0yvhoVQ4r9zcczUr39A' was loaded over HTTPS, but requested an insecure element 'http://mmbiz.qpic.cn/mmbiz_png/LLejlrEGSSdVzgX8favicpEzPquWJVMDMlJqsMrbLib2iaoPZphcA8IR5fQ3CibRaO2EUMgdMahQPaJ46gXibg2AOqibI20ia7CrQGAnibnKn2xVEBs/0?wx_fmt=png'. This request was automatically upgraded to HTTPS, For more information see https://blog.chromium.org/2019/10/no-more-mixed-messages-about-https.html @ https://mp.weixin.qq.com/s/Afk0yvhoVQ4r9zcczUr39A:0
[    1093ms] [WARNING] Mixed Content: The page at 'https://mp.weixin.qq.com/s/Afk0yvhoVQ4r9zcczUr39A' was loaded over HTTPS, but requested an insecure element 'http://mmbiz.qpic.cn/mmbiz_png/LLejlrEGSSdVzgX8favicpEzPquWJVMDMlJqsMrbLib2iaoPZphcA8IR5fQ3CibRaO2EUMgdMahQPaJ46gXibg2AOqibI20ia7CrQGAnibnKn2xVEBs/0?wx_fmt=png'. This request was automatically upgraded to HTTPS, For more information see https://blog.chromium.org/2019/10/no-more-mixed-messages-about-https.html @ https://mp.weixin.qq.com/s/Afk0yvhoVQ4r9zcczUr39A:3864
[    1303ms] [LOG] tingIsShow, tingHeardCnt   @ https://mp.weixin.qq.com/s/Afk0yvhoVQ4r9zcczUr39A:42916
[    1363ms] [LOG] canUseStar, startPersonCnt false  @ https://mp.weixin.qq.com/s/Afk0yvhoVQ4r9zcczUr39A:46292
[    1371ms] [LOG] SyntaxError: Unexpected end of JSON input
    at JSON.parse (<anonymous>)
    at __setPageContentBottomData (https://mp.weixin.qq.com/s/Afk0yvhoVQ4r9zcczUr39A:47497:77)
    at https://mp.weixin.qq.com/s/Afk0yvhoVQ4r9zcczUr39A:47557:5
    at https://mp.weixin.qq.com/s/Afk0yvhoVQ4r9zcczUr39A:47563:3 @ https://mp.weixin.qq.com/s/Afk0yvhoVQ4r9zcczUr39A:47543
[    1401ms] [LOG] dedupePromise key=getBiz:false:1 existing=undefined @ https://res.wx.qq.com/mmbizappmsg/zh_CN/htmledition/js/assets/wxwork.mqynr1qu90130f87.js:0
[    1407ms] [LOG] dedupePromise key=getBiz:false:1 existing=[object Promise] @ https://res.wx.qq.com/mmbizappmsg/zh_CN/htmledition/js/assets/wxwork.mqynr1qu90130f87.js:0
[    1407ms] [LOG] dedupePromise key=getAllBiz:false existing=undefined @ https://res.wx.qq.com/mmbizappmsg/zh_CN/htmledition/js/assets/wxwork.mqynr1qu90130f87.js:0
[    1408ms] [LOG] dedupePromise key=getWxInfo existing=undefined @ https://res.wx.qq.com/mmbizappmsg/zh_CN/htmledition/js/assets/wxwork.mqynr1qu90130f87.js:0
[    1408ms] [LOG] dedupePromise key=getBiz:false:1 existing=[object Promise] @ https://res.wx.qq.com/mmbizappmsg/zh_CN/htmledition/js/assets/wxwork.mqynr1qu90130f87.js:0
[    1414ms] [LOG] dedupePromise key=getBiz:false:1 existing=[object Promise] @ https://res.wx.qq.com/mmbizappmsg/zh_CN/htmledition/js/assets/wxwork.mqynr1qu90130f87.js:0
[    1414ms] [LOG] dedupePromise key=getAllBiz:false existing=[object Promise] @ https://res.wx.qq.com/mmbizappmsg/zh_CN/htmledition/js/assets/wxwork.mqynr1qu90130f87.js:0
[    1414ms] [LOG] dedupePromise key=getWxInfo existing=[object Promise] @ https://res.wx.qq.com/mmbizappmsg/zh_CN/htmledition/js/assets/wxwork.mqynr1qu90130f87.js:0
[    1414ms] [LOG] dedupePromise key=getBiz:false:1 existing=[object Promise] @ https://res.wx.qq.com/mmbizappmsg/zh_CN/htmledition/js/assets/wxwork.mqynr1qu90130f87.js:0
[    1416ms] [LOG] dedupePromise key=getBiz:false:1 existing=[object Promise] @ https://res.wx.qq.com/mmbizappmsg/zh_CN/htmledition/js/assets/wxwork.mqynr1qu90130f87.js:0
[    1416ms] [LOG] dedupePromise key=getAllBiz:false existing=[object Promise] @ https://res.wx.qq.com/mmbizappmsg/zh_CN/htmledition/js/assets/wxwork.mqynr1qu90130f87.js:0
[    1416ms] [LOG] dedupePromise key=getWxInfo existing=[object Promise] @ https://res.wx.qq.com/mmbizappmsg/zh_CN/htmledition/js/assets/wxwork.mqynr1qu90130f87.js:0
[    1432ms] [LOG] dedupePromise key=getBiz:false:1 existing=[object Promise] @ https://res.wx.qq.com/mmbizappmsg/zh_CN/htmledition/js/assets/wxwork.mqynr1qu90130f87.js:0
[    1480ms] [LOG] support wcslplayer false @ https://res.wx.qq.com/mmbizappmsg/zh_CN/htmledition/js/assets/cover_next.mqynr1que9ce2abc.js:0
[    1484ms] [LOG] canUseStar, startPersonCnt false <%@JsEncode($user_info.appmsg_bar_data.star_num.DATA$)%> @ https://res.wx.qq.com/mmbizappmsg/zh_CN/htmledition/js/assets/set_star.mqynr1quaef3199f.js:0
[    1512ms] [LOG] in white list undefined 1782720568521 @ https://res.wx.qq.com/mmbizappmsg/zh_CN/htmledition/js/assets/wxwork_hidden.mqynr1qucba65c49.js:2
[    1514ms] [LOG] dedupePromise key=getBiz:false:1 existing=[object Promise] @ https://res.wx.qq.com/mmbizappmsg/zh_CN/htmledition/js/assets/wxwork.mqynr1qu90130f87.js:0
[    1525ms] [LOG] dedupePromise key=getBiz:false:1 existing=[object Promise] @ https://res.wx.qq.com/mmbizappmsg/zh_CN/htmledition/js/assets/wxwork.mqynr1qu90130f87.js:0
[    1535ms] [LOG] dedupePromise key=getBiz:false:1 existing=[object Promise] @ https://res.wx.qq.com/mmbizappmsg/zh_CN/htmledition/js/assets/wxwork.mqynr1qu90130f87.js:0
[    1540ms] [LOG] [Appmsg comment] start get comment data, url:/mp/appmsg_comment?action=getcomment&scene=0&appmsgid=2247484044&idx=1&__biz=MzYzODk2MjI5Nw==&comment_id=4581325702134005761&offset=0&buffer=&limit=100&send_time=&sessionid=svr_6c726862d32&enterid=1782720567&top_content_id=&top_reply_id=&comment_scene=0 @ https://res.wx.qq.com/mmbizappmsg/zh_CN/htmledition/js/assets/appmsg_comment.mqynr1qubce5ae30.js:4
[    1540ms] [LOG] dedupePromise key=getBiz:false:1 existing=[object Promise] @ https://res.wx.qq.com/mmbizappmsg/zh_CN/htmledition/js/assets/wxwork.mqynr1qu90130f87.js:0
[    1559ms] [LOG] dedupePromise key=getAllBiz:false existing=[object Promise] @ https://res.wx.qq.com/mmbizappmsg/zh_CN/htmledition/js/assets/wxwork.mqynr1qu90130f87.js:0
[    1561ms] [LOG] getIdentity========== @ https://res.wx.qq.com/mmbizappmsg/zh_CN/htmledition/js/assets/Identity.mqynr1qu2979f596.js:2
[    1561ms] [LOG] dedupePromise key=getBiz:false:1 existing=[object Promise] @ https://res.wx.qq.com/mmbizappmsg/zh_CN/htmledition/js/assets/wxwork.mqynr1qu90130f87.js:0
[    1562ms] [INFO] [IndexedDBAdapter] IndexedDB initialized successfully  @ https://res.wx.qq.com/mmbizappmsg/zh_CN/htmledition/js/assets/state_sync_manager.mqynr1quf56cd37f.js:2
[    1565ms] [INFO] [图文信息] 三元组: MzYzODk2MjI5Nw== 2247484044 1 @ https://res.wx.qq.com/mmbizappmsg/zh_CN/htmledition/js/assets/appmsg.mqynr1quece77c00.js:8
[    1565ms] [INFO] [用户信息] 设备信息: 是否安卓 undefined 是否IOS undefined 是否秒开场景 undefined 系统版本 10.0 用户uin 0 是否小程序内打开 false @ https://res.wx.qq.com/mmbizappmsg/zh_CN/htmledition/js/assets/appmsg.mqynr1quece77c00.js:8
[    1566ms] [LOG] wx config web compt result [wxOpen] {err_msg: handleMPPageAction:fail_webcompt unsupported} @ https://res.wx.qq.com/mmbizappmsg/zh_CN/htmledition/js/assets/wxwork.mqynr1qu90130f87.js:0
[    1575ms] [LOG] dedupePromise key=getBiz:false:1 existing=[object Promise] @ https://res.wx.qq.com/mmbizappmsg/zh_CN/htmledition/js/assets/wxwork.mqynr1qu90130f87.js:0
[    1576ms] [INFO] [(评论、点赞、赞赏) 发送请求]:  Mon Jun 29 2026 16:09:28 GMT+0800 (中国标准时间) @ https://res.wx.qq.com/mmbizappmsg/zh_CN/htmledition/js/assets/appmsgext.mqynr1qu41b0669e.js:0
[    1577ms] [LOG] dedupePromise key=getBiz:false:1 existing=[object Promise] @ https://res.wx.qq.com/mmbizappmsg/zh_CN/htmledition/js/assets/wxwork.mqynr1qu90130f87.js:0
[    1578ms] [LOG] dedupePromise key=getBiz:false:1 existing=[object Promise] @ https://res.wx.qq.com/mmbizappmsg/zh_CN/htmledition/js/assets/wxwork.mqynr1qu90130f87.js:0
[    1582ms] [LOG] ======ad fontScaleCssVars change 1 1 1 @ https://res.wx.qq.com/mmbizappmsg/zh_CN/htmledition/js/assets/a.mqynr1qu4e56be2d.js:0
[    1594ms] [LOG] dedupePromise key=getBiz:false:1 existing=[object Promise] @ https://res.wx.qq.com/mmbizappmsg/zh_CN/htmledition/js/assets/wxwork.mqynr1qu90130f87.js:0
[    1603ms] [INFO] [广告发送请求] 是否拉取广告 0 @ https://res.wx.qq.com/mmbizappmsg/zh_CN/htmledition/js/assets/mp_async.mqynr1qucbe0976d.js:0
[    1603ms] [INFO] [强制广告] 是否强制去掉广告 0 @ https://res.wx.qq.com/mmbizappmsg/zh_CN/htmledition/js/assets/mp_async.mqynr1qucbe0976d.js:0
[    1603ms] [LOG] dedupePromise key=getBiz:false:1 existing=[object Promise] @ https://res.wx.qq.com/mmbizappmsg/zh_CN/htmledition/js/assets/wxwork.mqynr1qu90130f87.js:0
[    1605ms] [LOG] [PagePos] init entry @ https://res.wx.qq.com/mmbizappmsg/zh_CN/htmledition/js/assets/appmsg.mqynr1quece77c00.js:8
[    1606ms] [LOG] [PagePos] init call @ https://res.wx.qq.com/mmbizappmsg/zh_CN/htmledition/js/assets/page_pos.mqynr1qud9729167.js:0
[    1617ms] [LOG] [PagePos] commReport leaveReport addReport @ https://res.wx.qq.com/mmbizappmsg/zh_CN/htmledition/js/assets/page_pos.mqynr1qud9729167.js:0
[    1623ms] [LOG] [Appmsg comment] start get comment data, url:/mp/appmsg_comment?action=getcomment&scene=0&appmsgid=2247484044&idx=1&__biz=MzYzODk2MjI5Nw==&comment_id=4581325702134005761&offset=0&buffer=&limit=100&send_time=&sessionid=svr_6c726862d32&enterid=1782720567&top_content_id=&top_reply_id=&comment_scene=0 @ https://res.wx.qq.com/mmbizappmsg/zh_CN/htmledition/js/assets/appmsg_comment.mqynr1qubce5ae30.js:4
[    1623ms] [LOG] dedupePromise key=getBiz:false:1 existing=[object Promise] @ https://res.wx.qq.com/mmbizappmsg/zh_CN/htmledition/js/assets/wxwork.mqynr1qu90130f87.js:0
[    1624ms] [WARNING] Mixed Content: The page at 'https://mp.weixin.qq.com/s/Afk0yvhoVQ4r9zcczUr39A' was loaded over HTTPS, but requested an insecure element 'http://mmbiz.qpic.cn/mmbiz_png/LLejlrEGSSdVzgX8favicpEzPquWJVMDMlJqsMrbLib2iaoPZphcA8IR5fQ3CibRaO2EUMgdMahQPaJ46gXibg2AOqibI20ia7CrQGAnibnKn2xVEBs/300?wx_fmt=png&wxfrom=19'. This request was automatically upgraded to HTTPS, For more information see https://blog.chromium.org/2019/10/no-more-mixed-messages-about-https.html @ https://mp.weixin.qq.com/s/Afk0yvhoVQ4r9zcczUr39A:0
[    1625ms] [WARNING] Mixed Content: The page at 'https://mp.weixin.qq.com/s/Afk0yvhoVQ4r9zcczUr39A' was loaded over HTTPS, but requested an insecure element 'http://mmbiz.qpic.cn/mmbiz_png/LLejlrEGSSdVzgX8favicpEzPquWJVMDMlJqsMrbLib2iaoPZphcA8IR5fQ3CibRaO2EUMgdMahQPaJ46gXibg2AOqibI20ia7CrQGAnibnKn2xVEBs/300?wx_fmt=png&wxfrom=19'. This request was automatically upgraded to HTTPS, For more information see https://blog.chromium.org/2019/10/no-more-mixed-messages-about-https.html @ https://mp.weixin.qq.com/s/Afk0yvhoVQ4r9zcczUr39A:0
[    1625ms] [WARNING] Mixed Content: The page at 'https://mp.weixin.qq.com/s/Afk0yvhoVQ4r9zcczUr39A' was loaded over HTTPS, but requested an insecure element 'http://mmbiz.qpic.cn/mmbiz_png/LLejlrEGSSdVzgX8favicpEzPquWJVMDMlJqsMrbLib2iaoPZphcA8IR5fQ3CibRaO2EUMgdMahQPaJ46gXibg2AOqibI20ia7CrQGAnibnKn2xVEBs/300?wx_fmt=png&wxfrom=19'. This request was automatically upgraded to HTTPS, For more information see https://blog.chromium.org/2019/10/no-more-mixed-messages-about-https.html @ https://mp.weixin.qq.com/s/Afk0yvhoVQ4r9zcczUr39A:0
[    1626ms] [WARNING] Mixed Content: The page at 'https://mp.weixin.qq.com/s/Afk0yvhoVQ4r9zcczUr39A' was loaded over HTTPS, but requested an insecure element 'http://mmbiz.qpic.cn/mmbiz_png/LLejlrEGSSdVzgX8favicpEzPquWJVMDMlJqsMrbLib2iaoPZphcA8IR5fQ3CibRaO2EUMgdMahQPaJ46gXibg2AOqibI20ia7CrQGAnibnKn2xVEBs/300?wx_fmt=png&wxfrom=18'. This request was automatically upgraded to HTTPS, For more information see https://blog.chromium.org/2019/10/no-more-mixed-messages-about-https.html @ https://mp.weixin.qq.com/s/Afk0yvhoVQ4r9zcczUr39A:0
[    1648ms] [INFO] [currentMpInfo]set url {interaction_url: , underline_url: } @ https://res.wx.qq.com/mmbizappmsg/zh_CN/htmledition/js/assets/appmsg.mqynr1quece77c00.js:8
[    1654ms] [WARNING] Unrecognized feature: 'local-network-access'. @ https://res.wx.qq.com/connect/zh_CN/htmledition/js/wxopensdk.js:0
[    1659ms] [LOG] https://mmbiz.qpic.cn/mmbiz_jpg/LLejlrEGSSe8aiauOb6mzs5OFNt0acLfGvyQaWOLW6VBwwOevbVFMfJj4HY7x2KhzCyeWiaGib7ibWQTqDZ8odgtn4HVxLn5soc5GucW7yeEAZ4/640?wx_fmt=jpeg&from=appmsg&watermark=1&tp=webp&wxfrom=5&wx_lazy=1#imgIndex=0 img true https://mmbiz.qpic.cn/mmbiz_jpg/LLejlrEGSSe8aiauOb6mzs5OFNt0acLfGvyQaWOLW6VBwwOevbVFMfJj4HY7x2KhzCyeWiaGib7ibWQTqDZ8odgtn4HVxLn5soc5GucW7yeEAZ4/640?wx_fmt=jpeg&from=appmsg&watermark=1#imgIndex=0 @ https://res.wx.qq.com/mmbizappmsg/zh_CN/htmledition/js/assets/appmsg.mqynr1quece77c00.js:2
[    1687ms] [LOG] [comm_report] reportjson:  {CgiPath: /mp/appmsg_comment, Action: getsegment, Query: ?action=getsegment&appmsgid=2247484044&idx=1&comme…%3D&appmsg_token=&x5=0&f=json&user_article_role=0, PostData: modify_detail=%5B%5D&modify_detail_new=undefined&modify_time=0&linefeed_card=, Method: POST} @ https://res.wx.qq.com/mmbizappmsg/zh_CN/htmledition/js/assets/wxwork.mqynr1qu90130f87.js:0
[    1688ms] [LOG] segmentlist:  {base_resp: Object, ret: -3, errmsg: no session, cookie_count: 0} @ https://res.wx.qq.com/mmbizappmsg/zh_CN/htmledition/js/assets/wxwork_hidden.mqynr1qucba65c49.js:2
[    1688ms] [LOG] [comm_report] reportjson:  {CgiPath: /mp/relatedsearchword, Action: getimagekeyword, Query: ?action=getimagekeyword&__biz=MzYzODk2MjI5Nw==&mid…%3D&appmsg_token=&x5=0&f=json&user_article_role=0, PostData: , Method: GET} @ https://res.wx.qq.com/mmbizappmsg/zh_CN/htmledition/js/assets/wxwork.mqynr1qu90130f87.js:0
[    1688ms] [LOG] [comm_report] reportjson:  {CgiPath: /mp/appmsg_comment, Action: getidentitylist, Query: ?action=getidentitylist&scene=0&register=0&uin=&ke…%3D&appmsg_token=&x5=0&f=json&user_article_role=0, PostData: , Method: GET} @ https://res.wx.qq.com/mmbizappmsg/zh_CN/htmledition/js/assets/wxwork.mqynr1qu90130f87.js:0
[    1689ms] [LOG] [comm_report] reportjson:  {bizuin: MzYzODk2MjI5Nw==, msgid: 2247484044, idx: 1, sessionid: svr_6c726862d32, itemshowtype: 0} @ https://res.wx.qq.com/mmbizappmsg/zh_CN/htmledition/js/assets/wxwork.mqynr1qu90130f87.js:0
[    1689ms] [LOG] [reportData]:  {count: 4, reportjson0: {"CgiPath":"/mp/appmsg_comment","Action":"getsegme…in.qq.com","log_id":36408,"TimeStamp":1782720569}, reportjson1: {"CgiPath":"/mp/relatedsearchword","Action":"getim…in.qq.com","log_id":36408,"TimeStamp":1782720569}, reportjson2: {"CgiPath":"/mp/appmsg_comment","Action":"getident…in.qq.com","log_id":36408,"TimeStamp":1782720569}, reportjson3: {"bizuin":"MzYzODk2MjI5Nw==","msgid":2247484044,"i…xptype":"","log_id":27894,"TimeStamp":1782720569}} @ https://res.wx.qq.com/mmbizappmsg/zh_CN/htmledition/js/assets/wxwork.mqynr1qu90130f87.js:0
[    1689ms] [LOG] dedupePromise key=getBiz:false:1 existing=undefined @ https://res.wx.qq.com/mmbizappmsg/zh_CN/htmledition/js/assets/wxwork.mqynr1qu90130f87.js:0
[    1690ms] [LOG] [comm_report] reportjson:  {bizuin: MzYzODk2MjI5Nw==, msgid: 2247484044, idx: 1, sessionid: svr_6c726862d32, itemshowtype: 0} @ https://res.wx.qq.com/mmbizappmsg/zh_CN/htmledition/js/assets/wxwork.mqynr1qu90130f87.js:0
[    1690ms] [LOG] [comm_report] reportjson:  {bizuin: MzYzODk2MjI5Nw==, msgid: 2247484044, idx: 1, sessionid: svr_6c726862d32, itemshowtype: 0} @ https://res.wx.qq.com/mmbizappmsg/zh_CN/htmledition/js/assets/wxwork.mqynr1qu90130f87.js:0
[    1690ms] [LOG] [comm_report] reportjson:  {bizuin: MzYzODk2MjI5Nw==, msgid: 2247484044, idx: 1, sessionid: svr_6c726862d32, itemshowtype: 0} @ https://res.wx.qq.com/mmbizappmsg/zh_CN/htmledition/js/assets/wxwork.mqynr1qu90130f87.js:0
[    1690ms] [LOG] [comm_report] reportjson:  {CgiPath: /mp/frontendcommstore, Action: , Query: ?operate_type=GetServiceData&service_name=phPopove…%3D&appmsg_token=&x5=0&f=json&user_article_role=0, PostData: , Method: GET} @ https://res.wx.qq.com/mmbizappmsg/zh_CN/htmledition/js/assets/wxwork.mqynr1qu90130f87.js:0
[    1691ms] [LOG] [reportData]:  {count: 4, reportjson0: {"bizuin":"MzYzODk2MjI5Nw==","msgid":2247484044,"i…xptype":"","log_id":27894,"TimeStamp":1782720569}, reportjson1: {"bizuin":"MzYzODk2MjI5Nw==","msgid":2247484044,"i…xptype":"","log_id":27894,"TimeStamp":1782720569}, reportjson2: {"bizuin":"MzYzODk2MjI5Nw==","msgid":2247484044,"i…xptype":"","log_id":27894,"TimeStamp":1782720569}, reportjson3: {"CgiPath":"/mp/frontendcommstore","Action":"","Qu…in.qq.com","log_id":36408,"TimeStamp":1782720569}} @ https://res.wx.qq.com/mmbizappmsg/zh_CN/htmledition/js/assets/wxwork.mqynr1qu90130f87.js:0
[    1691ms] [LOG] dedupePromise key=getBiz:false:1 existing=undefined @ https://res.wx.qq.com/mmbizappmsg/zh_CN/htmledition/js/assets/wxwork.mqynr1qu90130f87.js:0
[    1691ms] [ERROR] Unknown error happened. @ https://res.wx.qq.com/mmbizappmsg/zh_CN/htmledition/js/assets/handle_change_inter_identity.mqynr1que3866638.js:7
[    1691ms] [LOG] [comm_report] reportjson:  {CgiPath: /mp/getbizbanner, Action: , Query: ?__biz=MzYzODk2MjI5Nw==&uin=&key=&pass_ticket=&wxt…%3D&appmsg_token=&x5=0&f=json&user_article_role=0, PostData: , Method: GET} @ https://res.wx.qq.com/mmbizappmsg/zh_CN/htmledition/js/assets/wxwork.mqynr1qu90130f87.js:0
[    1701ms] [LOG] [comm_report] reportjson:  {CgiPath: /mp/getappmsgext, Action: , Query: ?f=json&mock=&uin=&key=&pass_ticket=&wxtoken=777&d…%3D&appmsg_token=&x5=0&f=json&user_article_role=0, PostData: r=0.8931608392686154&__biz=MzYzODk2MjI5Nw%3D%3D&ap…nt_comment_id=4581325716377862146&business_type=0, Method: POST} @ https://res.wx.qq.com/mmbizappmsg/zh_CN/htmledition/js/assets/wxwork.mqynr1qu90130f87.js:0
[    1702ms] [INFO] [(评论、点赞、赞赏) 响应请求]:  Mon Jun 29 2026 16:09:28 GMT+0800 (中国标准时间) {advertisement_info: Array(0), appmsg_album_videos: Array(0), base_resp: Object, effective_content_last_html_node: Array(0), link_component_list: Array(0)} @ https://res.wx.qq.com/mmbizappmsg/zh_CN/htmledition/js/assets/appmsgext.mqynr1qu41b0669e.js:0
[    1703ms] [WARNING] window.ext_complete_success: true @ https://res.wx.qq.com/mmbizappmsg/zh_CN/htmledition/js/assets/appmsg.mqynr1quece77c00.js:2
[    1711ms] [LOG] js content size change @ https://res.wx.qq.com/mmbizappmsg/zh_CN/htmledition/js/assets/page_pos.mqynr1qud9729167.js:0
[    1717ms] [LOG] getRelatedArticleList undefined @ https://res.wx.qq.com/mmbizappmsg/zh_CN/htmledition/js/assets/appmsg.mqynr1quece77c00.js:0
[    1718ms] [INFO] [StateSyncManager] State sync manager initialized successfully  @ https://res.wx.qq.com/mmbizappmsg/zh_CN/htmledition/js/assets/state_sync_manager.mqynr1quf56cd37f.js:2
[    1723ms] [LOG] [comm_report] reportjson:  {CgiPath: /mp/getainfo, Action: , Query: ?uin=&key=&pass_ticket=&wxtoken=777&devicetype=&cl…%3D&appmsg_token=&x5=0&f=json&user_article_role=0, PostData: req=%7B%22url%22%3A%5B%22https%3A%2F%2Fmp.weixin.q…4607dacf6%26scene%3D21%23wechat_redirect%22%5D%7D, Method: POST} @ https://res.wx.qq.com/mmbizappmsg/zh_CN/htmledition/js/assets/wxwork.mqynr1qu90130f87.js:0
[    1738ms] [LOG] [comm_report] reportjson:  {CgiPath: /mp/appmsg_comment, Action: getcomment, Query: ?action=getcomment&scene=0&appmsgid=2247484044&idx…%3D&appmsg_token=&x5=0&f=json&user_article_role=0, PostData: , Method: GET} @ https://res.wx.qq.com/mmbizappmsg/zh_CN/htmledition/js/assets/wxwork.mqynr1qu90130f87.js:0
[    1738ms] [LOG] [reportData]:  {count: 4, reportjson0: {"CgiPath":"/mp/getbizbanner","Action":"","Query":…in.qq.com","log_id":36408,"TimeStamp":1782720569}, reportjson1: {"CgiPath":"/mp/getappmsgext","Action":"","Query":…in.qq.com","log_id":36408,"TimeStamp":1782720569}, reportjson2: {"CgiPath":"/mp/getainfo","Action":"","Query":"?ui…in.qq.com","log_id":36408,"TimeStamp":1782720569}, reportjson3: {"CgiPath":"/mp/appmsg_comment","Action":"getcomme…in.qq.com","log_id":36408,"TimeStamp":1782720569}} @ https://res.wx.qq.com/mmbizappmsg/zh_CN/htmledition/js/assets/wxwork.mqynr1qu90130f87.js:0
[    1738ms] [LOG] dedupePromise key=getBiz:false:1 existing=undefined @ https://res.wx.qq.com/mmbizappmsg/zh_CN/htmledition/js/assets/wxwork.mqynr1qu90130f87.js:0
[    1767ms] [LOG] ======all-img-loaded @ https://res.wx.qq.com/mmbizappmsg/zh_CN/htmledition/js/assets/appmsg.mqynr1quece77c00.js:2
[    1781ms] [LOG] [comm_report] reportjson:  {CgiPath: /mp/getappmsgad, Action: , Query: ?f=json&mockid=&rtx=&uin=&key=&pass_ticket=&wxtoke…%3D&appmsg_token=&x5=0&f=json&user_article_role=0, PostData: r=0.09773271032738962&appmsg_type=9&mid=2247484044…eed_ad=0&both_ad=0&pos_type_list=&vid_list=%5B%5D, Method: POST} @ https://res.wx.qq.com/mmbizappmsg/zh_CN/htmledition/js/assets/wxwork.mqynr1qu90130f87.js:0
[    1782ms] [INFO] [广告响应请求] {base_resp: Object, ret: -3, errmsg: no session, cookie_count: 0} @ https://res.wx.qq.com/mmbizappmsg/zh_CN/htmledition/js/assets/mp_async.mqynr1qucbe0976d.js:0
[    1785ms] [LOG] [comm_report] reportjson:  {CgiPath: /mp/appmsg_comment, Action: getextracomment, Query: ?action=getextracomment&appmsgid=2247484044&idx=1&…%3D&appmsg_token=&x5=0&f=json&user_article_role=0, PostData: , Method: GET} @ https://res.wx.qq.com/mmbizappmsg/zh_CN/htmledition/js/assets/wxwork.mqynr1qu90130f87.js:0
[    1788ms] [LOG] OpenSDK Frame loaded, build time: 2025-11-17 11:05 @ https://open.weixin.qq.com/pcopensdk/frame:1
[    1805ms] [WARNING] <meta name="apple-mobile-web-app-capable" content="yes"> is deprecated. Please include <meta name="mobile-web-app-capable" content="yes"> @ https://mp.weixin.qq.com/s/Afk0yvhoVQ4r9zcczUr39A:0
[    1863ms] [LOG] [comm_report] reportjson:  {CgiPath: /mp/appmsg_comment, Action: getcomment, Query: ?action=getcomment&scene=0&appmsgid=2247484044&idx…%3D&appmsg_token=&x5=0&f=json&user_article_role=0, PostData: , Method: GET} @ https://res.wx.qq.com/mmbizappmsg/zh_CN/htmledition/js/assets/wxwork.mqynr1qu90130f87.js:0
[    2185ms] [LOG] dedupePromise key=getBiz:false:1 existing=undefined @ https://mp.weixin.qq.com/s/Afk0yvhoVQ4r9zcczUr39A:5371
[    2212ms] [LOG] dedupePromise key=getBiz:false:1 existing=undefined @ https://mp.weixin.qq.com/s/Afk0yvhoVQ4r9zcczUr39A:5371
[    2279ms] [LOG] [comm_report] reportjson:  {bizuin: MzYzODk2MjI5Nw==, appmsgid: 2247484044, itemidx: 1, scene: 0, subscene: 0} @ https://res.wx.qq.com/mmbizappmsg/zh_CN/htmledition/js/assets/wxwork.mqynr1qu90130f87.js:0
[    2279ms] [LOG] [reportData]:  {count: 4, reportjson0: {"CgiPath":"/mp/getappmsgad","Action":"","Query":"…in.qq.com","log_id":36408,"TimeStamp":1782720569}, reportjson1: {"CgiPath":"/mp/appmsg_comment","Action":"getextra…in.qq.com","log_id":36408,"TimeStamp":1782720569}, reportjson2: {"CgiPath":"/mp/appmsg_comment","Action":"getcomme…in.qq.com","log_id":36408,"TimeStamp":1782720569}, reportjson3: {"bizuin":"MzYzODk2MjI5Nw==","appmsgid":2247484044…mgIndex=0","log_id":34384,"TimeStamp":1782720569}} @ https://res.wx.qq.com/mmbizappmsg/zh_CN/htmledition/js/assets/wxwork.mqynr1qu90130f87.js:0
[    2280ms] [LOG] dedupePromise key=getBiz:false:1 existing=undefined @ https://res.wx.qq.com/mmbizappmsg/zh_CN/htmledition/js/assets/wxwork.mqynr1qu90130f87.js:0
[    2396ms] [LOG] dedupePromise key=getBiz:false:1 existing=undefined @ https://mp.weixin.qq.com/s/Afk0yvhoVQ4r9zcczUr39A:5371
[    3463ms] [ERROR] bottombar-safe-bottom 0 @ https://mp.weixin.qq.com/s/Afk0yvhoVQ4r9zcczUr39A:8724
[    6800ms] [LOG] dedupePromise key=getBiz:false:1 existing=undefined @ https://res.wx.qq.com/mmbizappmsg/zh_CN/htmledition/js/assets/wxwork.mqynr1qu90130f87.js:0
[    6838ms] [LOG] [comm_report] reportjson:  {CgiPath: /mp/appmsgreport, Action: page_time_5s, Query: ?action=page_time_5s&__biz=MzYzODk2MjI5Nw==&uin=&k…%3D&appmsg_token=&x5=0&f=json&user_article_role=0, PostData: report_bizuin=MzYzODk2MjI5Nw%3D%3D&title=%E8%80%81…ype=&expsessionid=&effective_content_height=11386, Method: POST} @ https://res.wx.qq.com/mmbizappmsg/zh_CN/htmledition/js/assets/wxwork.mqynr1qu90130f87.js:0
[    7850ms] [LOG] [reportData]:  {count: 1, reportjson0: {"CgiPath":"/mp/appmsgreport","Action":"page_time_…in.qq.com","log_id":36408,"TimeStamp":1782720574}} @ https://res.wx.qq.com/mmbizappmsg/zh_CN/htmledition/js/assets/wxwork.mqynr1qu90130f87.js:0
[    7850ms] [LOG] dedupePromise key=getBiz:false:1 existing=undefined @ https://res.wx.qq.com/mmbizappmsg/zh_CN/htmledition/js/assets/wxwork.mqynr1qu90130f87.js:0
[   20502ms] [LOG] [comm_report] reportjson:  {type: 1, url: https://mp.weixin.qq.com/s?__biz=MzYzODk2MjI5Nw==&…7f659f4398a8f46ddfd448c2&scene=21#wechat_redirect, urlstyle: 1, style: 1, urltype: 1} @ https://res.wx.qq.com/mmbizappmsg/zh_CN/htmledition/js/assets/wxwork.mqynr1qu90130f87.js:0
[   20502ms] [LOG] tap img link JSHandle@node @ https://res.wx.qq.com/mmbizappmsg/zh_CN/htmledition/js/assets/topic.mqynr1qu0c09df01.js:0
[   20503ms] [LOG] dedupePromise key=getBiz:false:1 existing=undefined @ https://res.wx.qq.com/mmbizappmsg/zh_CN/htmledition/js/assets/wxwork.mqynr1qu90130f87.js:0
[   20565ms] [LOG] [comm_report] reportjson:  {CgiPath: /mp/webcommreport, Action: report, Query: ?action=report&report_useruin=1&__biz=MzYzODk2MjI5…%3D&appmsg_token=&x5=0&f=json&user_article_role=0, PostData: logid=17988&buffer=%2C3638962297%2C2247484044%2C1%…2C1%2C%2CMzYzODk2MjI5Nw%3D%3D_2247483950_2%2C%2C1, Method: POST} @ https://res.wx.qq.com/mmbizappmsg/zh_CN/htmledition/js/assets/wxwork.mqynr1qu90130f87.js:0
[   20614ms] [LOG] [comm_report] reportjson:  {type: 0, uin: 3638962297, bizuin: 3638962297, msgid: 2247484044, itemidx: 1} @ https://res.wx.qq.com/mmbizappmsg/zh_CN/htmledition/js/assets/wxwork.mqynr1qu90130f87.js:0
[   20615ms] [LOG] [comm_report] reportjson:  {type: 0, uin: 3638962297, bizuin: 3638962297, msgid: 2247484044, itemidx: 1} @ https://res.wx.qq.com/mmbizappmsg/zh_CN/htmledition/js/assets/wxwork.mqynr1qu90130f87.js:0
[   20615ms] [LOG] [reportData]:  {count: 4, reportjson0: {"type":1,"url":"https://mp.weixin.qq.com/s?__biz=…1782720567,"log_id":26485,"TimeStamp":1782720588}, reportjson1: {"CgiPath":"/mp/webcommreport","Action":"report","…in.qq.com","log_id":36408,"TimeStamp":1782720588}, reportjson2: {"type":0,"uin":"3638962297","bizuin":3638962297,"…rgetidx":4,"log_id":26485,"TimeStamp":1782720588}, reportjson3: {"type":0,"uin":"3638962297","bizuin":3638962297,"…rgetidx":4,"log_id":26485,"TimeStamp":1782720588}} @ https://res.wx.qq.com/mmbizappmsg/zh_CN/htmledition/js/assets/wxwork.mqynr1qu90130f87.js:0
[   20615ms] [LOG] dedupePromise key=getBiz:false:1 existing=undefined @ https://res.wx.qq.com/mmbizappmsg/zh_CN/htmledition/js/assets/wxwork.mqynr1qu90130f87.js:0
[   20615ms] [LOG] [comm_report] reportjson:  {type: 0, uin: 3638962297, bizuin: 3638962297, msgid: 2247484044, itemidx: 1} @ https://res.wx.qq.com/mmbizappmsg/zh_CN/htmledition/js/assets/wxwork.mqynr1qu90130f87.js:0
[   20615ms] [LOG] [comm_report] reportjson:  {type: 0, uin: 3638962297, bizuin: 3638962297, msgid: 2247484044, itemidx: 1} @ https://res.wx.qq.com/mmbizappmsg/zh_CN/htmledition/js/assets/wxwork.mqynr1qu90130f87.js:0
[   20615ms] [LOG] [comm_report] reportjson:  {type: 0, uin: 3638962297, bizuin: 3638962297, msgid: 2247484044, itemidx: 1} @ https://res.wx.qq.com/mmbizappmsg/zh_CN/htmledition/js/assets/wxwork.mqynr1qu90130f87.js:0
[   20615ms] [LOG] [comm_report] reportjson:  {type: 0, uin: 3638962297, bizuin: 3638962297, msgid: 2247484044, itemidx: 1} @ https://res.wx.qq.com/mmbizappmsg/zh_CN/htmledition/js/assets/wxwork.mqynr1qu90130f87.js:0
[   20616ms] [LOG] [reportData]:  {count: 4, reportjson0: {"type":0,"uin":"3638962297","bizuin":3638962297,"…rgetidx":4,"log_id":26485,"TimeStamp":1782720588}, reportjson1: {"type":0,"uin":"3638962297","bizuin":3638962297,"…rgetidx":4,"log_id":26485,"TimeStamp":1782720588}, reportjson2: {"type":0,"uin":"3638962297","bizuin":3638962297,"…rgetidx":4,"log_id":26485,"TimeStamp":1782720588}, reportjson3: {"type":0,"uin":"3638962297","bizuin":3638962297,"…rgetidx":4,"log_id":26485,"TimeStamp":1782720588}} @ https://res.wx.qq.com/mmbizappmsg/zh_CN/htmledition/js/assets/wxwork.mqynr1qu90130f87.js:0
[   20616ms] [LOG] dedupePromise key=getBiz:false:1 existing=[object Promise] @ https://res.wx.qq.com/mmbizappmsg/zh_CN/htmledition/js/assets/wxwork.mqynr1qu90130f87.js:0
[   20616ms] [LOG] [comm_report] reportjson:  {type: 0, uin: 3638962297, bizuin: 3638962297, msgid: 2247484044, itemidx: 1} @ https://res.wx.qq.com/mmbizappmsg/zh_CN/htmledition/js/assets/wxwork.mqynr1qu90130f87.js:0
[   20616ms] [LOG] [comm_report] reportjson:  {type: 0, uin: 3638962297, bizuin: 3638962297, msgid: 2247484044, itemidx: 1} @ https://res.wx.qq.com/mmbizappmsg/zh_CN/htmledition/js/assets/wxwork.mqynr1qu90130f87.js:0
[   20616ms] [LOG] [comm_report] reportjson:  {type: 0, uin: 3638962297, bizuin: 3638962297, msgid: 2247484044, itemidx: 1} @ https://res.wx.qq.com/mmbizappmsg/zh_CN/htmledition/js/assets/wxwork.mqynr1qu90130f87.js:0
[   21246ms] [LOG] dedupePromise key=getBiz:false:1 existing=undefined @ https://mp.weixin.qq.com/s/Afk0yvhoVQ4r9zcczUr39A:5371
[   21504ms] [LOG] [reportData]:  {count: 3, reportjson0: {"type":0,"uin":"3638962297","bizuin":3638962297,"…rgetidx":4,"log_id":26485,"TimeStamp":1782720588}, reportjson1: {"type":0,"uin":"3638962297","bizuin":3638962297,"…rgetidx":4,"log_id":26485,"TimeStamp":1782720588}, reportjson2: {"type":0,"uin":"3638962297","bizuin":3638962297,"…rgetidx":4,"log_id":26485,"TimeStamp":1782720588}} @ https://res.wx.qq.com/mmbizappmsg/zh_CN/htmledition/js/assets/wxwork.mqynr1qu90130f87.js:0
[   21505ms] [LOG] dedupePromise key=getBiz:false:1 existing=undefined @ https://res.wx.qq.com/mmbizappmsg/zh_CN/htmledition/js/assets/wxwork.mqynr1qu90130f87.js:0
